<?xml version="1.0" encoding="UTF-8"?>
<!-- Generated by org.testng.reporters.JUnitReportReporter -->
<testsuite skipped="0" hostname="DESKTOP-8FGI71S" name="TestNG.addressbook" tests="1" failures="0" timestamp="13 Oct 2018 11:30:50 GMT" time="6.380" errors="0">
  <testcase name="verifyAddressbook" time="6.380" classname="TestNG.addressbook"/>
</testsuite> <!-- TestNG.addressbook -->
